2024-08-05T19:10:34.565Z 0: 

----------------------------------------------
2024-08-05T19:10:34.587Z 1: Discord starting: {"releaseChannel":"stable","version":"0.0.61"}, modulepath: /home/guto/.config/discord/0.0.61/modules
2024-08-05T19:10:34.604Z 2: ✅ webContents.created web1 ""
2024-08-05T19:10:34.631Z 3: ✅ window.created win1 "discord"
2024-08-05T19:10:34.823Z 4: ✅ webContents.did-finish-load web1
2024-08-05T19:10:49.680Z 5: ✅ webContents.created web2 ""
2024-08-05T19:10:49.693Z 6: ✅ window.created win2 "Discord"
2024-08-05T19:10:52.883Z 7: ✅ webContents.did-finish-load web2
2024-08-05T19:10:52.971Z 8: window.close win1
2024-08-05T19:10:53.014Z 9: webContents.destroyed web1
2024-08-05T19:10:53.030Z 10: window.closed win1
2024-08-05T19:14:29.155Z 11: window.close win2
2024-08-05T19:14:42.212Z 12: before-quit
2024-08-05T19:14:42.216Z 13: window.close win2
2024-08-05T19:14:42.379Z 14: webContents.destroyed web2
2024-08-05T19:14:45.994Z 0: 

----------------------------------------------
2024-08-05T19:14:46.009Z 1: Discord starting: {"releaseChannel":"stable","version":"0.0.61"}, modulepath: /home/guto/.config/discord/0.0.61/modules
2024-08-05T19:14:46.014Z 2: ✅ webContents.created web1 "index.html"
2024-08-05T19:14:46.018Z 3: ✅ window.created win1 "discord"
2024-08-05T19:14:46.281Z 4: ✅ webContents.created web2 ""
2024-08-05T19:14:46.287Z 5: ✅ window.created win2 "Discord"
2024-08-05T19:14:46.303Z 6: ✅ webContents.did-finish-load web1
2024-08-05T19:14:49.470Z 7: ✅ webContents.did-finish-load web2
2024-08-05T19:14:49.556Z 8: window.close win1
2024-08-05T19:14:49.604Z 9: webContents.destroyed web1
2024-08-05T19:14:49.610Z 10: window.closed win1
2024-08-05T19:14:52.155Z 11: ✅ webContents.did-finish-load web2
2024-08-05T20:11:17.716Z 12: ✅ webContents.created web3 ""
2024-08-05T20:11:17.774Z 13: ✅ window.created win3 "Discord Popout"
2024-08-05T20:11:18.594Z 14: ✅ webContents.did-finish-load web3
2024-08-05T20:11:26.048Z 15: window.close win3
2024-08-05T20:11:26.060Z 16: webContents.destroyed web3
2024-08-05T20:11:26.070Z 17: window.closed win3
2024-08-05T23:40:39.698Z 18: before-quit
2024-08-05T23:40:40.184Z 19: window.close win2
2024-08-05T23:40:40.194Z 20: ❌ child-process-gone {
  type: 'Utility',
  reason: 'killed',
  exitCode: 15,
  serviceName: 'audio.mojom.AudioService',
  name: 'Audio Service'
}
2024-08-05T23:40:40.201Z 21: ❌ child-process-gone {
  type: 'Utility',
  reason: 'killed',
  exitCode: 15,
  serviceName: 'network.mojom.NetworkService',
  name: 'Network Service'
}
2024-08-05T23:47:01.738Z 0: 

----------------------------------------------
2024-08-05T23:47:01.789Z 1: Discord starting: {"releaseChannel":"stable","version":"0.0.61"}, modulepath: /home/guto/.config/discord/0.0.61/modules
2024-08-05T23:47:01.803Z 2: ✅ webContents.created web1 ""
2024-08-05T23:47:01.809Z 3: ✅ window.created win1 "discord"
2024-08-05T23:47:02.441Z 4: ✅ webContents.did-finish-load web1
2024-08-05T23:47:03.635Z 5: ✅ webContents.created web2 ""
2024-08-05T23:47:03.651Z 6: ✅ window.created win2 "Discord"
2024-08-05T23:47:09.386Z 7: ✅ webContents.did-finish-load web2
2024-08-05T23:47:09.479Z 8: window.close win1
2024-08-05T23:47:09.564Z 9: webContents.destroyed web1
2024-08-05T23:47:09.590Z 10: window.closed win1
2024-08-06T00:05:49.180Z 0: 

----------------------------------------------
2024-08-06T00:05:49.206Z 1: Discord starting: {"releaseChannel":"stable","version":"0.0.61"}, modulepath: /home/guto/.config/discord/0.0.61/modules
2024-08-06T00:05:49.217Z 2: ✅ webContents.created web1 ""
2024-08-06T00:05:49.224Z 3: ✅ window.created win1 "discord"
2024-08-06T00:05:49.623Z 4: ✅ webContents.did-finish-load web1
2024-08-06T00:05:50.432Z 5: ✅ webContents.created web2 ""
2024-08-06T00:05:50.436Z 6: ✅ window.created win2 "Discord"
2024-08-06T00:05:55.964Z 7: ✅ webContents.did-finish-load web2
2024-08-06T00:05:56.061Z 8: window.close win1
2024-08-06T00:05:56.153Z 9: webContents.destroyed web1
2024-08-06T00:05:56.161Z 10: window.closed win1
2024-08-06T01:38:30.112Z 11: window.close win2
2024-08-06T12:10:17.359Z 12: before-quit
2024-08-06T12:10:17.362Z 13: window.close win2
2024-08-06T12:10:17.418Z 14: webContents.destroyed web2
